<?xml version="1.0" encoding="UTF-8"?>
<!-- Generated by org.testng.reporters.JUnitReportReporter -->
<testsuite skipped="0" hostname="DESKTOP-RPBVOMT" name="testScript.TestScripts" tests="1" failures="0" timestamp="06 Dec 2017 23:07:15 GMT" time="4.488" errors="0">
  <testcase name="loginPage1" time="4.488" classname="testScript.TestScripts"/>
</testsuite> <!-- testScript.TestScripts -->
